<?xml version="1.0" encoding="utf-8"?><testsuites name="pytest tests"><testsuite name="pytest" errors="0" failures="0" skipped="0" tests="11" time="4.526" timestamp="2026-03-18T12:23:15.907614+00:00" hostname="agent-env-ede04c30-c207-424b-87cb-6a33a2ddc854"><testcase classname="backend.tests.test_email_verification.TestEmailVerification" name="test_health_check" time="0.137" /><testcase classname="backend.tests.test_email_verification.TestEmailVerification" name="test_register_creates_unverified_user" time="0.716" /><testcase classname="backend.tests.test_email_verification.TestEmailVerification" name="test_login_fails_for_unverified_user" time="0.876" /><testcase classname="backend.tests.test_email_verification.TestEmailVerification" name="test_resend_verification_endpoint" time="0.853" /><testcase classname="backend.tests.test_email_verification.TestEmailVerification" name="test_resend_verification_for_nonexistent_email" time="0.146" /><testcase classname="backend.tests.test_email_verification.TestEmailVerification" name="test_resend_verification_for_already_verified_user" time="0.274" /><testcase classname="backend.tests.test_email_verification.TestEmailVerification" name="test_verify_email_with_invalid_token" time="0.127" /><testcase classname="backend.tests.test_email_verification.TestEmailVerification" name="test_verified_user_can_login" time="0.344" /><testcase classname="backend.tests.test_email_verification.TestEmailVerification" name="test_duplicate_email_registration_blocked" time="0.104" /><testcase classname="backend.tests.test_email_verification.TestEmailVerification" name="test_duplicate_username_registration_blocked" time="0.108" /><testcase classname="backend.tests.test_email_verification.TestVerificationTokenFlow" name="test_registration_response_structure" time="0.774" /></testsuite></testsuites>