<?xml version="1.0" encoding="utf-8"?><testsuites name="pytest tests"><testsuite name="pytest" errors="0" failures="0" skipped="0" tests="16" time="8.037" timestamp="2026-03-18T09:55:02.774776+00:00" hostname="agent-env-fcc9642c-890c-45b6-b6c7-18c2c1d9738c"><testcase classname="backend.tests.test_stripe_auth.TestHealthCheck" name="test_api_root" time="0.138" /><testcase classname="backend.tests.test_stripe_auth.TestHealthCheck" name="test_health_endpoint" time="0.100" /><testcase classname="backend.tests.test_stripe_auth.TestUserAuth" name="test_register_new_user" time="0.356" /><testcase classname="backend.tests.test_stripe_auth.TestUserAuth" name="test_login_with_registered_user" time="0.327" /><testcase classname="backend.tests.test_stripe_auth.TestUserAuth" name="test_login_with_invalid_credentials" time="0.325" /><testcase classname="backend.tests.test_stripe_auth.TestUserAuth" name="test_get_current_user" time="0.440" /><testcase classname="backend.tests.test_stripe_auth.TestStripePayments" name="test_checkout_endpoint_without_auth" time="0.901" /><testcase classname="backend.tests.test_stripe_auth.TestStripePayments" name="test_checkout_with_auth_token" time="0.806" /><testcase classname="backend.tests.test_stripe_auth.TestStripePayments" name="test_checkout_all_plans" time="2.304" /><testcase classname="backend.tests.test_stripe_auth.TestStripePayments" name="test_checkout_invalid_plan" time="0.436" /><testcase classname="backend.tests.test_stripe_auth.TestStripePayments" name="test_payment_status_endpoint" time="1.210" /><testcase classname="backend.tests.test_stripe_auth.TestStripePayments" name="test_payment_status_invalid_session" time="0.291" /><testcase classname="backend.tests.test_stripe_auth.TestCryptoEndpoints" name="test_get_crypto_prices" time="0.121" /><testcase classname="backend.tests.test_stripe_auth.TestCryptoEndpoints" name="test_get_arbitrage_opportunities" time="0.101" /><testcase classname="backend.tests.test_stripe_auth.TestCryptoEndpoints" name="test_get_crypto_symbols" time="0.108" /><testcase classname="backend.tests.test_stripe_auth.TestCleanup" name="test_cleanup_info" time="0.000" /></testsuite></testsuites>